<?xml version="1.0" encoding="UTF-8"?>
<testsuite name="org.example.springboot.web.IndexControllerTest" tests="1" skipped="0" failures="0" errors="0" timestamp="2022-05-28T11:50:29" hostname="gimdong-ug-ui-MacBookPro.local" time="0.074">
  <properties/>
  <testcase name="loadMainPage" classname="org.example.springboot.web.IndexControllerTest" time="0.074"/>
  <system-out><![CDATA[2022-05-28 20:50:28.313  INFO 5528 --- [    Test worker] .b.t.c.SpringBootTestContextBootstrapper : Neither @ContextConfiguration nor @ContextHierarchy found for test class [org.example.springboot.web.IndexControllerTest], using SpringBootContextLoader
2022-05-28 20:50:28.313  INFO 5528 --- [    Test worker] o.s.t.c.support.AbstractContextLoader    : Could not detect default resource locations for test class [org.example.springboot.web.IndexControllerTest]: no resource found for suffixes {-context.xml, Context.groovy}.
2022-05-28 20:50:28.314  INFO 5528 --- [    Test worker] t.c.s.AnnotationConfigContextLoaderUtils : Could not detect default configuration classes for test class [org.example.springboot.web.IndexControllerTest]: IndexControllerTest does not declare any static, non-private, non-final, nested classes annotated with @Configuration.
2022-05-28 20:50:28.314  INFO 5528 --- [    Test worker] .b.t.c.SpringBootTestContextBootstrapper : Found @SpringBootConfiguration org.example.springboot.Application for test class org.example.springboot.web.IndexControllerTest
2022-05-28 20:50:28.315  INFO 5528 --- [    Test worker] .b.t.c.SpringBootTestContextBootstrapper : Loaded default TestExecutionListener class names from location [META-INF/spring.factories]: [org.springframework.security.test.context.support.WithSecurityContextTestExecutionListener, org.springframework.security.test.context.support.ReactorContextTestExecutionListener, org.springframework.boot.test.autoconfigure.restdocs.RestDocsTestExecutionListener, org.springframework.boot.test.autoconfigure.web.client.MockRestServiceServerResetTestExecutionListener, org.springframework.boot.test.autoconfigure.web.servlet.MockMvcPrintOnlyOnFailureTestExecutionListener, org.springframework.boot.test.autoconfigure.web.servlet.WebDriverTestExecutionListener, org.springframework.boot.test.mock.mockito.MockitoTestExecutionListener, org.springframework.boot.test.mock.mockito.ResetMocksTestExecutionListener, org.springframework.test.context.web.ServletTestExecutionListener, org.springframework.test.context.support.DirtiesContextBeforeModesTestExecutionListener, org.springframework.test.context.support.DependencyInjectionTestExecutionListener, org.springframework.test.context.support.DirtiesContextTestExecutionListener, org.springframework.test.context.transaction.TransactionalTestExecutionListener, org.springframework.test.context.jdbc.SqlScriptsTestExecutionListener]
2022-05-28 20:50:28.315  INFO 5528 --- [    Test worker] .b.t.c.SpringBootTestContextBootstrapper : Using TestExecutionListeners: [org.springframework.test.context.web.ServletTestExecutionListener@42d93f51, org.springframework.test.context.support.DirtiesContextBeforeModesTestExecutionListener@5042ec1a, org.springframework.boot.test.mock.mockito.MockitoTestExecutionListener@121f75df, org.springframework.boot.test.autoconfigure.SpringBootDependencyInjectionTestExecutionListener@89818e9, org.springframework.test.context.support.DirtiesContextTestExecutionListener@3308d1c, org.springframework.test.context.transaction.TransactionalTestExecutionListener@4455835c, org.springframework.test.context.jdbc.SqlScriptsTestExecutionListener@2d8da784, org.springframework.security.test.context.support.WithSecurityContextTestExecutionListener@651abd8c, org.springframework.security.test.context.support.ReactorContextTestExecutionListener@6245845e, org.springframework.boot.test.autoconfigure.restdocs.RestDocsTestExecutionListener@a62a429, org.springframework.boot.test.autoconfigure.web.client.MockRestServiceServerResetTestExecutionListener@4a139366, org.springframework.boot.test.autoconfigure.web.servlet.MockMvcPrintOnlyOnFailureTestExecutionListener@7a55a175, org.springframework.boot.test.autoconfigure.web.servlet.WebDriverTestExecutionListener@347cbd15, org.springframework.boot.test.mock.mockito.ResetMocksTestExecutionListener@2b20145f]

  .   ____          _            __ _ _
 /\\ / ___'_ __ _ _(_)_ __  __ _ \ \ \ \
( ( )\___ | '_ | '_| | '_ \/ _` | \ \ \ \
 \\/  ___)| |_)| | | | | || (_| |  ) ) ) )
  '  |____| .__|_| |_|_| |_\__, | / / / /
 =========|_|==============|___/=/_/_/_/
 :: Spring Boot ::        (v2.1.7.RELEASE)

2022-05-28 20:50:28.327  INFO 5528 --- [    Test worker] o.e.springboot.web.IndexControllerTest   : Starting IndexControllerTest on gimdong-ug-ui-MacBookPro.local with PID 5528 (started by donguk98 in /Users/donguk98/Documents/Spring_Project/springAWS)
2022-05-28 20:50:28.327  INFO 5528 --- [    Test worker] o.e.springboot.web.IndexControllerTest   : The following profiles are active: oauth
2022-05-28 20:50:28.457  INFO 5528 --- [    Test worker] .s.d.r.c.RepositoryConfigurationDelegate : Bootstrapping Spring Data repositories in DEFAULT mode.
2022-05-28 20:50:28.484  INFO 5528 --- [    Test worker] .s.d.r.c.RepositoryConfigurationDelegate : Finished Spring Data repository scanning in 23ms. Found 2 repository interfaces.
2022-05-28 20:50:28.589  INFO 5528 --- [    Test worker] trationDelegate$BeanPostProcessorChecker : Bean 'org.springframework.transaction.annotation.ProxyTransactionManagementConfiguration' of type [org.springframework.transaction.annotation.ProxyTransactionManagementConfiguration$$EnhancerBySpringCGLIB$$93eeddca] is not eligible for getting processed by all BeanPostProcessors (for example: not eligible for auto-proxying)
2022-05-28 20:50:28.700  INFO 5528 --- [    Test worker] o.s.b.w.embedded.tomcat.TomcatWebServer  : Tomcat initialized with port(s): 0 (http)
2022-05-28 20:50:28.712  INFO 5528 --- [    Test worker] o.apache.catalina.core.StandardService   : Starting service [Tomcat]
2022-05-28 20:50:28.712  INFO 5528 --- [    Test worker] org.apache.catalina.core.StandardEngine  : Starting Servlet engine: [Apache Tomcat/9.0.22]
2022-05-28 20:50:28.762  INFO 5528 --- [    Test worker] o.a.c.c.C.[Tomcat].[localhost].[/]       : Initializing Spring embedded WebApplicationContext
2022-05-28 20:50:28.762  INFO 5528 --- [    Test worker] o.s.web.context.ContextLoader            : Root WebApplicationContext: initialization completed in 434 ms
2022-05-28 20:50:28.848  INFO 5528 --- [    Test worker] com.zaxxer.hikari.HikariDataSource       : HikariPool-1 - Starting...
2022-05-28 20:50:28.915  INFO 5528 --- [    Test worker] com.zaxxer.hikari.HikariDataSource       : HikariPool-1 - Start completed.
2022-05-28 20:50:28.953  INFO 5528 --- [    Test worker] o.hibernate.jpa.internal.util.LogHelper  : HHH000204: Processing PersistenceUnitInfo [
	name: default
	...]
2022-05-28 20:50:28.998  INFO 5528 --- [    Test worker] org.hibernate.Version                    : HHH000412: Hibernate Core {5.3.10.Final}
2022-05-28 20:50:28.999  INFO 5528 --- [    Test worker] org.hibernate.cfg.Environment            : HHH000206: hibernate.properties not found
2022-05-28 20:50:29.019  INFO 5528 --- [    Test worker] o.hibernate.annotations.common.Version   : HCANN000001: Hibernate Commons Annotations {5.0.4.Final}
2022-05-28 20:50:29.071  INFO 5528 --- [    Test worker] org.hibernate.dialect.Dialect            : HHH000400: Using dialect: org.hibernate.dialect.MySQL5InnoDBDialect
Hibernate: drop table if exists posts
Hibernate: drop table if exists user
Hibernate: create table posts (id bigint not null auto_increment, created_date datetime, modified_date datetime, author varchar(255), content TEXT not null, title varchar(500) not null, primary key (id)) engine=InnoDB
Hibernate: create table user (id bigint not null auto_increment, created_date datetime, modified_date datetime, email varchar(255) not null, name varchar(255) not null, picture varchar(255), role varchar(255) not null, primary key (id)) engine=InnoDB
2022-05-28 20:50:29.316  INFO 5528 --- [    Test worker] o.h.t.schema.internal.SchemaCreatorImpl  : HHH000476: Executing import script 'org.hibernate.tool.schema.internal.exec.ScriptSourceInputNonExistentImpl@219eb052'
2022-05-28 20:50:29.317  INFO 5528 --- [    Test worker] j.LocalContainerEntityManagerFactoryBean : Initialized JPA EntityManagerFactory for persistence unit 'default'
2022-05-28 20:50:29.554  INFO 5528 --- [    Test worker] o.h.h.i.QueryTranslatorFactoryInitiator  : HHH000397: Using ASTQueryTranslatorFactory
2022-05-28 20:50:29.651  INFO 5528 --- [    Test worker] o.s.s.web.DefaultSecurityFilterChain     : Creating filter chain: any request, [org.springframework.security.web.context.request.async.WebAsyncManagerIntegrationFilter@6946711b, org.springframework.security.web.context.SecurityContextPersistenceFilter@4badf57a, org.springframework.security.web.header.HeaderWriterFilter@16dedc29, org.springframework.security.web.authentication.logout.LogoutFilter@74b8fe22, org.springframework.security.oauth2.client.web.OAuth2AuthorizationRequestRedirectFilter@5a1524d5, org.springframework.security.oauth2.client.web.OAuth2LoginAuthenticationFilter@7af48979, org.springframework.security.web.authentication.ui.DefaultLoginPageGeneratingFilter@501ad77e, org.springframework.security.web.authentication.ui.DefaultLogoutPageGeneratingFilter@cbfc1c3, org.springframework.security.web.savedrequest.RequestCacheAwareFilter@7bfc8f8d, org.springframework.security.web.servletapi.SecurityContextHolderAwareRequestFilter@1b232b4f, org.springframework.security.web.authentication.AnonymousAuthenticationFilter@b6233bc, org.springframework.security.web.session.SessionManagementFilter@9185d48, org.springframework.security.web.access.ExceptionTranslationFilter@3cf18200, org.springframework.security.web.access.intercept.FilterSecurityInterceptor@4978d60d]
2022-05-28 20:50:29.706  INFO 5528 --- [    Test worker] o.s.s.concurrent.ThreadPoolTaskExecutor  : Initializing ExecutorService 'applicationTaskExecutor'
2022-05-28 20:50:29.712  WARN 5528 --- [    Test worker] aWebConfiguration$JpaWebMvcConfiguration : spring.jpa.open-in-view is enabled by default. Therefore, database queries may be performed during view rendering. Explicitly configure spring.jpa.open-in-view to disable this warning
2022-05-28 20:50:29.723  INFO 5528 --- [    Test worker] o.s.b.a.w.s.WelcomePageHandlerMapping    : Adding welcome page template: index
2022-05-28 20:50:29.813  INFO 5528 --- [    Test worker] s.a.ScheduledAnnotationBeanPostProcessor : No TaskScheduler/ScheduledExecutorService bean found for scheduled processing
2022-05-28 20:50:29.822  INFO 5528 --- [    Test worker] o.s.b.w.embedded.tomcat.TomcatWebServer  : Tomcat started on port(s): 54773 (http) with context path ''
2022-05-28 20:50:29.822  INFO 5528 --- [    Test worker] o.e.springboot.web.IndexControllerTest   : Started IndexControllerTest in 1.506 seconds (JVM running for 2.873)
2022-05-28 20:50:29.854  INFO 5528 --- [o-auto-1-exec-1] o.a.c.c.C.[Tomcat].[localhost].[/]       : Initializing Spring DispatcherServlet 'dispatcherServlet'
2022-05-28 20:50:29.854  INFO 5528 --- [o-auto-1-exec-1] o.s.web.servlet.DispatcherServlet        : Initializing Servlet 'dispatcherServlet'
2022-05-28 20:50:29.858  INFO 5528 --- [o-auto-1-exec-1] o.s.web.servlet.DispatcherServlet        : Completed initialization in 4 ms
Hibernate: select posts0_.id as id1_0_, posts0_.created_date as created_2_0_, posts0_.modified_date as modified3_0_, posts0_.author as author4_0_, posts0_.content as content5_0_, posts0_.title as title6_0_ from posts posts0_ order by posts0_.id desc
]]></system-out>
  <system-err><![CDATA[]]></system-err>
</testsuite>
