<?xml version="1.0" encoding="UTF-8"?>
<testsuite name="org.example.springboot.web.IndexControllerTest" tests="1" skipped="0" failures="0" errors="0" timestamp="2022-05-25T12:16:34" hostname="gimdong-ug-ui-MacBookPro.local" time="0.117">
  <properties/>
  <testcase name="loadMainPage" classname="org.example.springboot.web.IndexControllerTest" time="0.117"/>
  <system-out><![CDATA[21:16:33.031 [Test worker] DEBUG org.springframework.test.context.junit4.SpringJUnit4ClassRunner - SpringJUnit4ClassRunner constructor called with [class org.example.springboot.web.IndexControllerTest]
21:16:33.036 [Test worker] DEBUG org.springframework.test.context.BootstrapUtils - Instantiating CacheAwareContextLoaderDelegate from class [org.springframework.test.context.cache.DefaultCacheAwareContextLoaderDelegate]
21:16:33.040 [Test worker] DEBUG org.springframework.test.context.BootstrapUtils - Instantiating BootstrapContext using constructor [public org.springframework.test.context.support.DefaultBootstrapContext(java.lang.Class,org.springframework.test.context.CacheAwareContextLoaderDelegate)]
21:16:33.046 [Test worker] DEBUG org.springframework.test.context.BootstrapUtils - Instantiating TestContextBootstrapper for test class [org.example.springboot.web.IndexControllerTest] from class [org.springframework.boot.test.context.SpringBootTestContextBootstrapper]
21:16:33.051 [Test worker] INFO org.springframework.boot.test.context.SpringBootTestContextBootstrapper - Neither @ContextConfiguration nor @ContextHierarchy found for test class [org.example.springboot.web.IndexControllerTest], using SpringBootContextLoader
21:16:33.052 [Test worker] DEBUG org.springframework.test.context.support.AbstractContextLoader - Did not detect default resource location for test class [org.example.springboot.web.IndexControllerTest]: class path resource [org/example/springboot/web/IndexControllerTest-context.xml] does not exist
21:16:33.053 [Test worker] DEBUG org.springframework.test.context.support.AbstractContextLoader - Did not detect default resource location for test class [org.example.springboot.web.IndexControllerTest]: class path resource [org/example/springboot/web/IndexControllerTestContext.groovy] does not exist
21:16:33.053 [Test worker] INFO org.springframework.test.context.support.AbstractContextLoader - Could not detect default resource locations for test class [org.example.springboot.web.IndexControllerTest]: no resource found for suffixes {-context.xml, Context.groovy}.
21:16:33.053 [Test worker] INFO org.springframework.test.context.support.AnnotationConfigContextLoaderUtils - Could not detect default configuration classes for test class [org.example.springboot.web.IndexControllerTest]: IndexControllerTest does not declare any static, non-private, non-final, nested classes annotated with @Configuration.
21:16:33.068 [Test worker] DEBUG org.springframework.test.context.support.ActiveProfilesUtils - Could not find an 'annotation declaring class' for annotation type [org.springframework.test.context.ActiveProfiles] and class [org.example.springboot.web.IndexControllerTest]
21:16:33.104 [Test worker] DEBUG org.springframework.context.annotation.ClassPathScanningCandidateComponentProvider - Identified candidate component class: file [/Users/donguk98/Documents/Spring_Project/springAWS/build/classes/java/main/org/example/springboot/Application.class]
21:16:33.104 [Test worker] INFO org.springframework.boot.test.context.SpringBootTestContextBootstrapper - Found @SpringBootConfiguration org.example.springboot.Application for test class org.example.springboot.web.IndexControllerTest
21:16:33.141 [Test worker] DEBUG org.springframework.boot.test.context.SpringBootTestContextBootstrapper - @TestExecutionListeners is not present for class [org.example.springboot.web.IndexControllerTest]: using defaults.
21:16:33.141 [Test worker] INFO org.springframework.boot.test.context.SpringBootTestContextBootstrapper - Loaded default TestExecutionListener class names from location [META-INF/spring.factories]: [org.springframework.boot.test.autoconfigure.restdocs.RestDocsTestExecutionListener, org.springframework.boot.test.autoconfigure.web.client.MockRestServiceServerResetTestExecutionListener, org.springframework.boot.test.autoconfigure.web.servlet.MockMvcPrintOnlyOnFailureTestExecutionListener, org.springframework.boot.test.autoconfigure.web.servlet.WebDriverTestExecutionListener, org.springframework.boot.test.mock.mockito.MockitoTestExecutionListener, org.springframework.boot.test.mock.mockito.ResetMocksTestExecutionListener, org.springframework.test.context.web.ServletTestExecutionListener, org.springframework.test.context.support.DirtiesContextBeforeModesTestExecutionListener, org.springframework.test.context.support.DependencyInjectionTestExecutionListener, org.springframework.test.context.support.DirtiesContextTestExecutionListener, org.springframework.test.context.transaction.TransactionalTestExecutionListener, org.springframework.test.context.jdbc.SqlScriptsTestExecutionListener]
21:16:33.148 [Test worker] INFO org.springframework.boot.test.context.SpringBootTestContextBootstrapper - Using TestExecutionListeners: [org.springframework.test.context.web.ServletTestExecutionListener@6d3bc186, org.springframework.test.context.support.DirtiesContextBeforeModesTestExecutionListener@795082db, org.springframework.boot.test.mock.mockito.MockitoTestExecutionListener@8e3409a, org.springframework.boot.test.autoconfigure.SpringBootDependencyInjectionTestExecutionListener@7b7d2dc, org.springframework.test.context.support.DirtiesContextTestExecutionListener@34b3145d, org.springframework.test.context.transaction.TransactionalTestExecutionListener@49080e4a, org.springframework.test.context.jdbc.SqlScriptsTestExecutionListener@5b7d6061, org.springframework.boot.test.autoconfigure.restdocs.RestDocsTestExecutionListener@62e578e0, org.springframework.boot.test.autoconfigure.web.client.MockRestServiceServerResetTestExecutionListener@4e58891d, org.springframework.boot.test.autoconfigure.web.servlet.MockMvcPrintOnlyOnFailureTestExecutionListener@47aba4c2, org.springframework.boot.test.autoconfigure.web.servlet.WebDriverTestExecutionListener@7765aa3e, org.springframework.boot.test.mock.mockito.ResetMocksTestExecutionListener@3e8efe4a]
21:16:33.149 [Test worker] DEBUG org.springframework.test.annotation.ProfileValueUtils - Retrieved @ProfileValueSourceConfiguration [null] for test class [org.example.springboot.web.IndexControllerTest]
21:16:33.149 [Test worker] DEBUG org.springframework.test.annotation.ProfileValueUtils - Retrieved ProfileValueSource type [class org.springframework.test.annotation.SystemProfileValueSource] for class [org.example.springboot.web.IndexControllerTest]
21:16:33.150 [Test worker] DEBUG org.springframework.test.annotation.ProfileValueUtils - Retrieved @ProfileValueSourceConfiguration [null] for test class [org.example.springboot.web.IndexControllerTest]
21:16:33.151 [Test worker] DEBUG org.springframework.test.annotation.ProfileValueUtils - Retrieved ProfileValueSource type [class org.springframework.test.annotation.SystemProfileValueSource] for class [org.example.springboot.web.IndexControllerTest]
21:16:33.151 [Test worker] DEBUG org.springframework.test.annotation.ProfileValueUtils - Retrieved @ProfileValueSourceConfiguration [null] for test class [org.example.springboot.web.IndexControllerTest]
21:16:33.151 [Test worker] DEBUG org.springframework.test.annotation.ProfileValueUtils - Retrieved ProfileValueSource type [class org.springframework.test.annotation.SystemProfileValueSource] for class [org.example.springboot.web.IndexControllerTest]
21:16:33.152 [Test worker] DEBUG org.springframework.test.context.support.AbstractDirtiesContextTestExecutionListener - Before test class: context [DefaultTestContext@2ce119ef testClass = IndexControllerTest, testInstance = [null], testMethod = [null], testException = [null], mergedContextConfiguration = [WebMergedContextConfiguration@2fad8bc7 testClass = IndexControllerTest, locations = '{}', classes = '{class org.example.springboot.Application}', contextInitializerClasses = '[]', activeProfiles = '{}', propertySourceLocations = '{}', propertySourceProperties = '{org.springframework.boot.test.context.SpringBootTestContextBootstrapper=true, server.port=0}', contextCustomizers = set[org.springframework.boot.test.autoconfigure.properties.PropertyMappingContextCustomizer@0, org.springframework.boot.test.autoconfigure.web.servlet.WebDriverContextCustomizerFactory$Customizer@6f8236f9, org.springframework.boot.test.context.filter.ExcludeFilterContextCustomizer@51e41f9d, org.springframework.boot.test.json.DuplicateJsonObjectContextCustomizerFactory$DuplicateJsonObjectContextCustomizer@85769ee, org.springframework.boot.test.mock.mockito.MockitoContextCustomizer@0, org.springframework.boot.test.web.client.TestRestTemplateContextCustomizer@5ab844bb], resourceBasePath = 'src/main/webapp', contextLoader = 'org.springframework.boot.test.context.SpringBootContextLoader', parent = [null]], attributes = map['org.springframework.test.context.web.ServletTestExecutionListener.activateListener' -> false]], class annotated with @DirtiesContext [false] with mode [null].
21:16:33.152 [Test worker] DEBUG org.springframework.test.annotation.ProfileValueUtils - Retrieved @ProfileValueSourceConfiguration [null] for test class [org.example.springboot.web.IndexControllerTest]
21:16:33.152 [Test worker] DEBUG org.springframework.test.annotation.ProfileValueUtils - Retrieved ProfileValueSource type [class org.springframework.test.annotation.SystemProfileValueSource] for class [org.example.springboot.web.IndexControllerTest]
21:16:33.154 [Test worker] DEBUG org.springframework.test.context.support.DependencyInjectionTestExecutionListener - Performing dependency injection for test context [[DefaultTestContext@2ce119ef testClass = IndexControllerTest, testInstance = org.example.springboot.web.IndexControllerTest@2f3e6167, testMethod = [null], testException = [null], mergedContextConfiguration = [WebMergedContextConfiguration@2fad8bc7 testClass = IndexControllerTest, locations = '{}', classes = '{class org.example.springboot.Application}', contextInitializerClasses = '[]', activeProfiles = '{}', propertySourceLocations = '{}', propertySourceProperties = '{org.springframework.boot.test.context.SpringBootTestContextBootstrapper=true, server.port=0}', contextCustomizers = set[org.springframework.boot.test.autoconfigure.properties.PropertyMappingContextCustomizer@0, org.springframework.boot.test.autoconfigure.web.servlet.WebDriverContextCustomizerFactory$Customizer@6f8236f9, org.springframework.boot.test.context.filter.ExcludeFilterContextCustomizer@51e41f9d, org.springframework.boot.test.json.DuplicateJsonObjectContextCustomizerFactory$DuplicateJsonObjectContextCustomizer@85769ee, org.springframework.boot.test.mock.mockito.MockitoContextCustomizer@0, org.springframework.boot.test.web.client.TestRestTemplateContextCustomizer@5ab844bb], resourceBasePath = 'src/main/webapp', contextLoader = 'org.springframework.boot.test.context.SpringBootContextLoader', parent = [null]], attributes = map['org.springframework.test.context.web.ServletTestExecutionListener.activateListener' -> false]]].
21:16:33.166 [Test worker] DEBUG org.springframework.test.context.support.TestPropertySourceUtils - Adding inlined properties to environment: {spring.jmx.enabled=false, org.springframework.boot.test.context.SpringBootTestContextBootstrapper=true, server.port=0}

  .   ____          _            __ _ _
 /\\ / ___'_ __ _ _(_)_ __  __ _ \ \ \ \
( ( )\___ | '_ | '_| | '_ \/ _` | \ \ \ \
 \\/  ___)| |_)| | | | | || (_| |  ) ) ) )
  '  |____| .__|_| |_|_| |_\__, | / / / /
 =========|_|==============|___/=/_/_/_/
 :: Spring Boot ::        (v2.1.7.RELEASE)

2022-05-25 21:16:33.272  INFO 5369 --- [    Test worker] o.e.springboot.web.IndexControllerTest   : Starting IndexControllerTest on gimdong-ug-ui-MacBookPro.local with PID 5369 (started by donguk98 in /Users/donguk98/Documents/Spring_Project/springAWS)
2022-05-25 21:16:33.273  INFO 5369 --- [    Test worker] o.e.springboot.web.IndexControllerTest   : No active profile set, falling back to default profiles: default
2022-05-25 21:16:33.523  INFO 5369 --- [    Test worker] .s.d.r.c.RepositoryConfigurationDelegate : Bootstrapping Spring Data repositories in DEFAULT mode.
2022-05-25 21:16:33.551  INFO 5369 --- [    Test worker] .s.d.r.c.RepositoryConfigurationDelegate : Finished Spring Data repository scanning in 23ms. Found 1 repository interfaces.
2022-05-25 21:16:33.703  INFO 5369 --- [    Test worker] trationDelegate$BeanPostProcessorChecker : Bean 'org.springframework.transaction.annotation.ProxyTransactionManagementConfiguration' of type [org.springframework.transaction.annotation.ProxyTransactionManagementConfiguration$$EnhancerBySpringCGLIB$$bfa79bb3] is not eligible for getting processed by all BeanPostProcessors (for example: not eligible for auto-proxying)
2022-05-25 21:16:33.849  INFO 5369 --- [    Test worker] o.s.b.w.embedded.tomcat.TomcatWebServer  : Tomcat initialized with port(s): 0 (http)
2022-05-25 21:16:33.861  INFO 5369 --- [    Test worker] o.apache.catalina.core.StandardService   : Starting service [Tomcat]
2022-05-25 21:16:33.861  INFO 5369 --- [    Test worker] org.apache.catalina.core.StandardEngine  : Starting Servlet engine: [Apache Tomcat/9.0.22]
2022-05-25 21:16:33.913  INFO 5369 --- [    Test worker] o.a.c.c.C.[Tomcat].[localhost].[/]       : Initializing Spring embedded WebApplicationContext
2022-05-25 21:16:33.914  INFO 5369 --- [    Test worker] o.s.web.context.ContextLoader            : Root WebApplicationContext: initialization completed in 634 ms
2022-05-25 21:16:34.011  INFO 5369 --- [    Test worker] com.zaxxer.hikari.HikariDataSource       : HikariPool-1 - Starting...
2022-05-25 21:16:34.081  INFO 5369 --- [    Test worker] com.zaxxer.hikari.HikariDataSource       : HikariPool-1 - Start completed.
2022-05-25 21:16:34.117  INFO 5369 --- [    Test worker] o.hibernate.jpa.internal.util.LogHelper  : HHH000204: Processing PersistenceUnitInfo [
	name: default
	...]
2022-05-25 21:16:34.146  INFO 5369 --- [    Test worker] org.hibernate.Version                    : HHH000412: Hibernate Core {5.3.10.Final}
2022-05-25 21:16:34.147  INFO 5369 --- [    Test worker] org.hibernate.cfg.Environment            : HHH000206: hibernate.properties not found
2022-05-25 21:16:34.227  INFO 5369 --- [    Test worker] o.hibernate.annotations.common.Version   : HCANN000001: Hibernate Commons Annotations {5.0.4.Final}
2022-05-25 21:16:34.280  INFO 5369 --- [    Test worker] org.hibernate.dialect.Dialect            : HHH000400: Using dialect: org.hibernate.dialect.MySQL5InnoDBDialect
Hibernate: drop table if exists posts
Hibernate: create table posts (id bigint not null auto_increment, created_date datetime, modified_date datetime, author varchar(255), content TEXT not null, title varchar(500) not null, primary key (id)) engine=InnoDB
2022-05-25 21:16:34.537  INFO 5369 --- [    Test worker] o.h.t.schema.internal.SchemaCreatorImpl  : HHH000476: Executing import script 'org.hibernate.tool.schema.internal.exec.ScriptSourceInputNonExistentImpl@3f285bdb'
2022-05-25 21:16:34.541  INFO 5369 --- [    Test worker] j.LocalContainerEntityManagerFactoryBean : Initialized JPA EntityManagerFactory for persistence unit 'default'
2022-05-25 21:16:34.775  INFO 5369 --- [    Test worker] o.s.s.concurrent.ThreadPoolTaskExecutor  : Initializing ExecutorService 'applicationTaskExecutor'
2022-05-25 21:16:34.798  WARN 5369 --- [    Test worker] aWebConfiguration$JpaWebMvcConfiguration : spring.jpa.open-in-view is enabled by default. Therefore, database queries may be performed during view rendering. Explicitly configure spring.jpa.open-in-view to disable this warning
2022-05-25 21:16:34.816  INFO 5369 --- [    Test worker] o.s.b.a.w.s.WelcomePageHandlerMapping    : Adding welcome page template: index
2022-05-25 21:16:34.910  INFO 5369 --- [    Test worker] o.s.b.w.embedded.tomcat.TomcatWebServer  : Tomcat started on port(s): 53360 (http) with context path ''
2022-05-25 21:16:34.911  INFO 5369 --- [    Test worker] o.e.springboot.web.IndexControllerTest   : Started IndexControllerTest in 1.745 seconds (JVM running for 2.147)
2022-05-25 21:16:34.987  INFO 5369 --- [o-auto-1-exec-1] o.a.c.c.C.[Tomcat].[localhost].[/]       : Initializing Spring DispatcherServlet 'dispatcherServlet'
2022-05-25 21:16:34.987  INFO 5369 --- [o-auto-1-exec-1] o.s.web.servlet.DispatcherServlet        : Initializing Servlet 'dispatcherServlet'
2022-05-25 21:16:34.993  INFO 5369 --- [o-auto-1-exec-1] o.s.web.servlet.DispatcherServlet        : Completed initialization in 6 ms
]]></system-out>
  <system-err><![CDATA[]]></system-err>
</testsuite>
